<?xml version="1.0" encoding="UTF-8"?>
<!-- Generated by org.testng.reporters.JUnitReportReporter -->
<testsuite hostname="DESKTOP-7UUT0JG" failures="0" tests="1" name="RegisterTestcases.AddtoBasket" time="19.563" errors="0" timestamp="2022-06-02T00:39:07 IST" skipped="0">
  <testcase classname="RegisterTestcases.AddtoBasket" name="addtoBasket" time="19.563"/>
  <system-out/>
</testsuite> <!-- RegisterTestcases.AddtoBasket -->
