<?xml version="1.0" encoding="UTF-8"?>
<!-- Generated by org.testng.reporters.JUnitReportReporter -->
<testsuite skipped="0" hostname="DESKTOP-7UUT0JG" name="com.vtiger.organizationTest.CreateOrganizationTest" tests="1" failures="0" timestamp="26 May 2022 19:03:36 GMT" time="8.793" errors="0">
  <testcase name="createOrganizationTest" time="8.793" classname="com.vtiger.organizationTest.CreateOrganizationTest"/>
</testsuite> <!-- com.vtiger.organizationTest.CreateOrganizationTest -->
